<?xml version="1.0" encoding="UTF-8"?>
<!-- Generated by org.testng.reporters.JUnitXMLReporter -->
<testsuite ignored="0" hostname="Karthiks-MacBook-Air.local" failures="0" tests="3" name="Default test" time="16.779" errors="0" timestamp="2023-02-28T17:35:41 IST">
  <testcase classname="com.amazon.mini.Parall" name="browserLaunch1" time="7.917"/>
  <testcase classname="com.amazon.mini.Parall" name="browserLaunch2" time="4.307"/>
  <testcase classname="com.amazon.mini.Parall" name="browserLaunch3" time="4.482"/>
</testsuite> <!-- Default test -->
