<?xml version="1.0" encoding="UTF-8"?>
<!-- Generated by org.testng.reporters.JUnitXMLReporter -->
<testsuite ignored="0" hostname="Karthiks-MacBook-Air.local" failures="0" tests="9" name="Test" time="81.688" errors="0" timestamp="2023-02-25T19:04:12 IST">
  <testcase classname="com.amazon.mini.Amazon_MiniProject" name="dropDown" time="4.835"/>
  <testcase classname="com.amazon.mini.Amazon_MiniProject" name="searchBox" time="9.842"/>
  <testcase classname="com.amazon.mini.Amazon_MiniProject" name="firstProduct" time="3.414"/>
  <testcase classname="com.amazon.mini.Amazon_MiniProject" name="windowSwitch" time="0.076"/>
  <testcase classname="com.amazon.mini.Amazon_MiniProject" name="firstProductSecPage" time="29.292"/>
  <testcase classname="com.amazon.mini.Amazon_MiniProject" name="screenShot" time="0.715"/>
  <testcase classname="com.amazon.mini.Amazon_MiniProject" name="goToCart" time="3.572"/>
  <testcase classname="com.amazon.mini.Amazon_MiniProject" name="compareToProduct" time="3.486"/>
  <testcase classname="com.amazon.mini.Amazon_MiniProject" name="proceedToBuy" time="7.313"/>
</testsuite> <!-- Test -->
