<?xml version="1.0" encoding="UTF-8"?>
<testng-results ignored="0" total="3" passed="3" failed="0" skipped="0">
  <reporter-output>
  </reporter-output>
  <suite started-at="2023-02-28T17:35:24 IST" name="Default suite" finished-at="2023-02-28T17:35:41 IST" duration-ms="16779">
    <groups>
    </groups>
    <test started-at="2023-02-28T17:35:24 IST" name="Default test" finished-at="2023-02-28T17:35:41 IST" duration-ms="16779">
      <class name="com.amazon.mini.Parall">
        <test-method signature="browserLaunch1()[pri:0, instance:com.amazon.mini.Parall@1de76cc7]" started-at="2023-02-28T17:35:24 IST" name="browserLaunch1" finished-at="2023-02-28T17:35:32 IST" duration-ms="7917" status="PASS">
          <reporter-output>
          </reporter-output>
        </test-method> <!-- browserLaunch1 -->
        <test-method signature="browserLaunch2()[pri:0, instance:com.amazon.mini.Parall@1de76cc7]" started-at="2023-02-28T17:35:32 IST" name="browserLaunch2" finished-at="2023-02-28T17:35:37 IST" duration-ms="4307" status="PASS">
          <reporter-output>
          </reporter-output>
        </test-method> <!-- browserLaunch2 -->
        <test-method signature="browserLaunch3()[pri:0, instance:com.amazon.mini.Parall@1de76cc7]" started-at="2023-02-28T17:35:37 IST" name="browserLaunch3" finished-at="2023-02-28T17:35:41 IST" duration-ms="4482" status="PASS">
          <reporter-output>
          </reporter-output>
        </test-method> <!-- browserLaunch3 -->
      </class> <!-- com.amazon.mini.Parall -->
    </test> <!-- Default test -->
  </suite> <!-- Default suite -->
</testng-results>
